<?xml version="1.0" encoding="UTF-8"?>
<!-- Generated by org.testng.reporters.JUnitReportReporter -->
<testsuite hostname="IstvanAs-MacBook-Pro.local" name="TestFolder.TestOpenBrowser" tests="1" failures="0" timestamp="22 Feb 2016 12:46:57 GMT" time="7.130" errors="0">
  <testcase name="testJenkins" time="7.130" classname="TestFolder.TestOpenBrowser"/>
</testsuite> <!-- TestFolder.TestOpenBrowser -->
